2025-01-11 14:37:41,059 - food_dinusantara - ERROR - Error Max File Image Size
2025-01-11 14:37:41,059 - food_dinusantara - ERROR - Error uploading file: 400: File too large
2025-01-11 14:39:16,450 - food_dinusantara - ERROR - Error Max File Image Size
2025-01-11 14:39:16,451 - food_dinusantara - ERROR - Error uploading file: 400: File too large
2025-01-11 14:52:51,924 - food_dinusantara - ERROR - Error uploading file: cannot access local variable 'static_count_dir' where it is not associated with a value
2025-01-11 14:53:31,445 - food_dinusantara - ERROR - Error uploading file: [Errno 2] No such file or directory: 'static/counts/temp_20250111_145331.jpg'
2025-01-11 14:56:57,164 - food_dinusantara - ERROR - Error uploading file: len() takes exactly one argument (0 given)
2025-01-11 22:16:26,841 - food_dinusantara - ERROR - Error uploading file: too many values to unpack (expected 4)
2025-01-11 22:16:45,651 - food_dinusantara - ERROR - Error uploading file: too many values to unpack (expected 4)
2025-01-11 22:18:11,658 - food_dinusantara - ERROR - Error uploading file: too many values to unpack (expected 4)
2025-01-11 22:18:20,175 - food_dinusantara - ERROR - Error uploading file: too many values to unpack (expected 4)
2025-01-11 22:19:35,324 - food_dinusantara - ERROR - Error uploading file: too many values to unpack (expected 4)
2025-01-11 22:20:43,817 - food_dinusantara - ERROR - Error uploading file: too many values to unpack (expected 4)
2025-01-11 22:21:28,055 - food_dinusantara - ERROR - Error uploading file: too many values to unpack (expected 4)
2025-01-11 22:22:39,429 - food_dinusantara - ERROR - Error uploading file: too many values to unpack (expected 4)
2025-01-11 22:25:14,616 - food_dinusantara - ERROR - Error uploading file: too many values to unpack (expected 4)
2025-01-11 22:27:45,556 - food_dinusantara - ERROR - Error uploading file: too many values to unpack (expected 4)
2025-01-11 22:27:56,960 - food_dinusantara - ERROR - Error uploading file: too many values to unpack (expected 4)
2025-01-11 22:28:05,183 - food_dinusantara - ERROR - Error uploading file: too many values to unpack (expected 4)
2025-01-11 22:28:34,860 - food_dinusantara - ERROR - Error uploading file: too many values to unpack (expected 4)
2025-01-11 22:29:22,986 - food_dinusantara - ERROR - Error uploading file: too many values to unpack (expected 4)
2025-01-11 22:29:36,342 - food_dinusantara - ERROR - Error uploading file: too many values to unpack (expected 4)
2025-01-11 22:30:21,610 - food_dinusantara - ERROR - Error uploading file: too many values to unpack (expected 4)
2025-01-11 22:30:39,082 - food_dinusantara - ERROR - Error uploading file: too many values to unpack (expected 4)
2025-01-11 22:32:20,628 - food_dinusantara - ERROR - Error uploading file: too many values to unpack (expected 4)
2025-01-11 22:34:07,286 - food_dinusantara - ERROR - Error uploading file: too many values to unpack (expected 4)
2025-01-11 22:36:06,792 - food_dinusantara - ERROR - Error uploading file: too many values to unpack (expected 4)
2025-01-11 22:38:03,619 - food_dinusantara - ERROR - Error uploading file: too many values to unpack (expected 4)
2025-01-11 22:38:25,739 - food_dinusantara - ERROR - Error uploading file: too many values to unpack (expected 4)
2025-01-11 22:38:37,153 - food_dinusantara - ERROR - Error uploading file: too many values to unpack (expected 4)
2025-01-11 22:39:22,241 - food_dinusantara - ERROR - Error uploading file: too many values to unpack (expected 4)
